<?xml version="1.0" encoding="UTF-8"?>
<!-- Generated by org.testng.reporters.JUnitReportReporter -->
<testsuite hostname="MEDA-SANDEEP" failures="0" tests="4" name="api.test.UserTests" time="9.680" errors="0" timestamp="2023-04-12T18:03:05 IST" skipped="0">
  <testcase classname="api.test.UserTests" name="testPostUser" time="4.884"/>
  <system-out/>
  <testcase classname="api.test.UserTests" name="testGetUserByName" time="1.282"/>
  <system-out/>
  <testcase classname="api.test.UserTests" name="testUpdateUserByName" time="2.362"/>
  <system-out/>
  <testcase classname="api.test.UserTests" name="testDeleteUserByName" time="1.152"/>
  <system-out/>
</testsuite> <!-- api.test.UserTests -->
