<?xml version="1.0" encoding="UTF-8"?>
<!-- Generated by org.testng.reporters.JUnitReportReporter -->
<testsuite hostname="MEDA-SANDEEP" failures="0" tests="4" name="api.test.UserTests2" time="9.709" errors="0" timestamp="2023-04-12T22:54:52 IST" skipped="0">
  <testcase classname="api.test.UserTests2" name="testPostUser" time="4.886"/>
  <system-out/>
  <testcase classname="api.test.UserTests2" name="testGetUserByName" time="1.293"/>
  <system-out/>
  <testcase classname="api.test.UserTests2" name="testUpdateUserByName" time="2.348"/>
  <system-out/>
  <testcase classname="api.test.UserTests2" name="testDeleteUserByName" time="1.182"/>
  <system-out/>
</testsuite> <!-- api.test.UserTests2 -->
