<?xml version="1.0" encoding="UTF-8"?>
<!-- Generated by org.testng.reporters.JUnitReportReporter -->
<testsuite hostname="MEDA-SANDEEP" failures="0" tests="4" name="api.test.UserTests2" time="15.482" errors="0" timestamp="2023-04-13T01:10:39 IST" skipped="0">
  <testcase classname="api.test.UserTests2" name="testPostUser" time="9.247"/>
  <system-out/>
  <testcase classname="api.test.UserTests2" name="testGetUserByName" time="1.569"/>
  <system-out/>
  <testcase classname="api.test.UserTests2" name="testUpdateUserByName" time="3.140"/>
  <system-out/>
  <testcase classname="api.test.UserTests2" name="testDeleteUserByName" time="1.526"/>
  <system-out/>
</testsuite> <!-- api.test.UserTests2 -->
